<?xml version="1.0" encoding="UTF-8"?>
<testng-results ignored="0" total="4" passed="4" failed="0" skipped="0">
  <reporter-output>
  </reporter-output>
  <suite started-at="2024-05-27T13:52:32 IST" name="Suite" finished-at="2024-05-27T13:53:24 IST" duration-ms="52519">
    <groups>
      <group name="cucumber">
        <method signature="AbstractTestNGCucumberTests.runScenario(io.cucumber.testng.PickleWrapper,io.cucumber.testng.FeatureWrapper)[pri:0, instance:runnerClasses.AmazonRunner@2d3379b4]" name="runScenario" class="io.cucumber.testng.AbstractTestNGCucumberTests"/>
      </group> <!-- cucumber -->
    </groups>
    <test started-at="2024-05-27T13:52:32 IST" name="Test" finished-at="2024-05-27T13:53:24 IST" duration-ms="52519">
      <class name="runnerClasses.AmazonRunner">
        <test-method is-config="true" signature="setUpClass(org.testng.ITestContext)[pri:0, instance:runnerClasses.AmazonRunner@2d3379b4]" started-at="2024-05-27T13:52:32 IST" name="setUpClass" finished-at="2024-05-27T13:52:32 IST" duration-ms="401" status="PASS">
          <params>
            <param index="0">
              <value>
                <![CDATA[org.testng.TestRunner@462e1e64]]>
              </value>
            </param>
          </params>
          <reporter-output>
          </reporter-output>
        </test-method> <!-- setUpClass -->
        <test-method signature="runScenario(io.cucumber.testng.PickleWrapper,io.cucumber.testng.FeatureWrapper)[pri:0, instance:runnerClasses.AmazonRunner@2d3379b4]" started-at="2024-05-27T13:52:32 IST" name="runScenario" description="Runs Cucumber Scenarios" data-provider="scenarios" finished-at="2024-05-27T13:52:42 IST" duration-ms="9582" status="PASS">
          <params>
            <param index="0">
              <value>
                <![CDATA["validate the Title of homepage"]]>
              </value>
            </param>
            <param index="1">
              <value>
                <![CDATA["Amazon HomePage Functionality"]]>
              </value>
            </param>
          </params>
          <reporter-output>
          </reporter-output>
        </test-method> <!-- runScenario -->
        <test-method signature="runScenario(io.cucumber.testng.PickleWrapper,io.cucumber.testng.FeatureWrapper)[pri:0, instance:runnerClasses.AmazonRunner@2d3379b4]" started-at="2024-05-27T13:52:42 IST" name="runScenario" description="Runs Cucumber Scenarios" data-provider="scenarios" finished-at="2024-05-27T13:52:50 IST" duration-ms="8856" status="PASS">
          <params>
            <param index="0">
              <value>
                <![CDATA["validate the availability of cart icon"]]>
              </value>
            </param>
            <param index="1">
              <value>
                <![CDATA["Amazon HomePage Functionality"]]>
              </value>
            </param>
          </params>
          <reporter-output>
          </reporter-output>
        </test-method> <!-- runScenario -->
        <test-method signature="runScenario(io.cucumber.testng.PickleWrapper,io.cucumber.testng.FeatureWrapper)[pri:0, instance:runnerClasses.AmazonRunner@2d3379b4]" started-at="2024-05-27T13:52:50 IST" name="runScenario" description="Runs Cucumber Scenarios" data-provider="scenarios" finished-at="2024-05-27T13:53:11 IST" duration-ms="20621" status="PASS">
          <params>
            <param index="0">
              <value>
                <![CDATA["validate user able to search mobile"]]>
              </value>
            </param>
            <param index="1">
              <value>
                <![CDATA["Amazon HomePage Functionality"]]>
              </value>
            </param>
          </params>
          <reporter-output>
          </reporter-output>
        </test-method> <!-- runScenario -->
        <test-method signature="runScenario(io.cucumber.testng.PickleWrapper,io.cucumber.testng.FeatureWrapper)[pri:0, instance:runnerClasses.AmazonRunner@2d3379b4]" started-at="2024-05-27T13:53:11 IST" name="runScenario" description="Runs Cucumber Scenarios" data-provider="scenarios" finished-at="2024-05-27T13:53:22 IST" duration-ms="11233" status="PASS">
          <params>
            <param index="0">
              <value>
                <![CDATA["Cart icon validation"]]>
              </value>
            </param>
            <param index="1">
              <value>
                <![CDATA["Cart Icon Functionality"]]>
              </value>
            </param>
          </params>
          <reporter-output>
          </reporter-output>
        </test-method> <!-- runScenario -->
        <test-method is-config="true" signature="tearDownClass()[pri:0, instance:runnerClasses.AmazonRunner@2d3379b4]" started-at="2024-05-27T13:53:22 IST" name="tearDownClass" finished-at="2024-05-27T13:53:24 IST" duration-ms="1803" status="PASS">
          <reporter-output>
          </reporter-output>
        </test-method> <!-- tearDownClass -->
      </class> <!-- runnerClasses.AmazonRunner -->
    </test> <!-- Test -->
  </suite> <!-- Suite -->
</testng-results>
